<?xml version="1.0" encoding="UTF-8"?>
<testsuite name="TicTacToeTest" tests="1" skipped="0" failures="1" errors="0" timestamp="2022-01-29T13:01:28" hostname="DESKTOP-UVB785K" time="0.85">
  <properties/>
  <testcase name="start" classname="TicTacToeTest" time="0.85">
    <failure message="java.lang.AssertionError: Error in test #3&#10;&#10;Program ran out of input. You tried to read more than expected.&#10;&#10;Please find below the output of your program during this failed test.&#10;Note that the '&gt;' character indicates the beginning of the input line.&#10;&#10;---&#10;&#10;[last 250 lines of output are shown, 297 skipped]&#10;This cell is occupied! Choose another one!&#10;Enter the coordinates: &gt; 3 3&#10;This cell is occupied! Choose another one!&#10;Enter the coordinates: &gt; 1 1&#10;This cell is occupied! Choose another one!&#10;Enter the coordinates: &gt; 1 2&#10;This cell is occupied! Choose another one!&#10;Enter the coordinates: &gt; 1 3&#10;This cell is occupied! Choose another one!&#10;Enter the coordinates: &gt; 2 1&#10;This cell is occupied! Choose another one!&#10;Enter the coordinates: &gt; 2 2&#10;This cell is occupied! Choose another one!&#10;Enter the coordinates: &gt; 2 3&#10;This cell is occupied! Choose another one!&#10;Enter the coordinates: &gt; 3 1&#10;This cell is occupied! Choose another one!&#10;Enter the coordinates: &gt; 3 2&#10;This cell is occupied! Choose another one!&#10;Enter the coordinates: &gt; 3 3&#10;This cell is occupied! Choose another one!&#10;Enter the coordinates: &gt; 1 1&#10;This cell is occupied! Choose another one!&#10;Enter the coordinates: &gt; 1 2&#10;This cell is occupied! Choose another one!&#10;Enter the coordinates: &gt; 4 3&#10;Coordinates should be from 1 to 3!&#10;Enter the coordinates: &gt; 2 4&#10;Coordinates should be from 1 to 3!&#10;Enter the coordinates: &gt; 2 3&#10;This cell is occupied! Choose another one!&#10;Enter the coordinates: &gt; 1 3&#10;This cell is occupied! Choose another one!&#10;Enter the coordinates: &gt; 4 3&#10;Coordinates should be from 1 to 3!&#10;Enter the coordinates: &gt; 1 4&#10;Coordinates should be from 1 to 3!&#10;Enter the coordinates: &gt; 4 1&#10;Coordinates should be from 1 to 3!&#10;Enter the coordinates: &gt; 2 4&#10;Coordinates should be from 1 to 3!&#10;Enter the coordinates: &gt; 4 2&#10;Coordinates should be from 1 to 3!&#10;Enter the coordinates: &gt; 1 4&#10;Coordinates should be from 1 to 3!&#10;Enter the coordinates: &gt; 1 3&#10;This cell is occupied! Choose another one!&#10;Enter the coordinates: &gt; 2 1&#10;This cell is occupied! Choose another one!&#10;Enter the coordinates: &gt; 2 2&#10;This cell is occupied! Choose another one!&#10;Enter the coordinates: &gt; 2 3&#10;This cell is occupied! Choose another one!&#10;Enter the coordinates: &gt; 3 1&#10;This cell is occupied! Choose another one!&#10;Enter the coordinates: &gt; 3 2&#10;This cell is occupied! Choose another one!&#10;Enter the coordinates: &gt; 3 3&#10;This cell is occupied! Choose another one!&#10;Enter the coordinates: &gt; 1 1&#10;This cell is occupied! Choose another one!&#10;Enter the coordinates: &gt; 1 2&#10;This cell is occupied! Choose another one!&#10;Enter the coordinates: &gt; 1 3&#10;This cell is occupied! Choose another one!&#10;Enter the coordinates: &gt; 2 1&#10;This cell is occupied! Choose another one!&#10;Enter the coordinates: &gt; 2 2&#10;This cell is occupied! Choose another one!&#10;Enter the coordinates: &gt; 2 3&#10;This cell is occupied! Choose another one!&#10;Enter the coordinates: &gt; 3 1&#10;This cell is occupied! Choose another one!&#10;Enter the coordinates: &gt; 3 2&#10;This cell is occupied! Choose another one!&#10;Enter the coordinates: &gt; 3 3&#10;This cell is occupied! Choose another one!&#10;Enter the coordinates: &gt; 1 1&#10;This cell is occupied! Choose another one!&#10;Enter the coordinates: &gt; 1 2&#10;This cell is occupied! Choose another one!&#10;Enter the coordinates: &gt; 4 3&#10;Coordinates should be from 1 to 3!&#10;Enter the coordinates: &gt; 2 4&#10;Coordinates should be from 1 to 3!&#10;Enter the coordinates: &gt; 2 3&#10;This cell is occupied! Choose another one!&#10;Enter the coordinates: &gt; 1 3&#10;This cell is occupied! Choose another one!&#10;Enter the coordinates: &gt; 4 3&#10;Coordinates should be from 1 to 3!&#10;Enter the coordinates: &gt; 1 4&#10;Coordinates should be from 1 to 3!&#10;Enter the coordinates: &gt; 4 1&#10;Coordinates should be from 1 to 3!&#10;Enter the coordinates: &gt; 2 4&#10;Coordinates should be from 1 to 3!&#10;Enter the coordinates: &gt; 4 2&#10;Coordinates should be from 1 to 3!&#10;Enter the coordinates: &gt; 1 4&#10;Coordinates should be from 1 to 3!&#10;Enter the coordinates: &gt; 1 3&#10;This cell is occupied! Choose another one!&#10;Enter the coordinates: &gt; 2 1&#10;This cell is occupied! Choose another one!&#10;Enter the coordinates: &gt; 2 2&#10;This cell is occupied! Choose another one!&#10;Enter the coordinates: &gt; 2 3&#10;This cell is occupied! Choose another one!&#10;Enter the coordinates: &gt; 3 1&#10;This cell is occupied! Choose another one!&#10;Enter the coordinates: &gt; 3 2&#10;This cell is occupied! Choose another one!&#10;Enter the coordinates: &gt; 3 3&#10;This cell is occupied! Choose another one!&#10;Enter the coordinates: &gt; 1 1&#10;This cell is occupied! Choose another one!&#10;Enter the coordinates: &gt; 1 2&#10;This cell is occupied! Choose another one!&#10;Enter the coordinates: &gt; 1 3&#10;This cell is occupied! Choose another one!&#10;Enter the coordinates: &gt; 2 1&#10;This cell is occupied! Choose another one!&#10;Enter the coordinates: &gt; 2 2&#10;This cell is occupied! Choose another one!&#10;Enter the coordinates: &gt; 2 3&#10;This cell is occupied! Choose another one!&#10;Enter the coordinates: &gt; 3 1&#10;This cell is occupied! Choose another one!&#10;Enter the coordinates: &gt; 3 2&#10;This cell is occupied! Choose another one!&#10;Enter the coordinates: &gt; 3 3&#10;This cell is occupied! Choose another one!&#10;Enter the coordinates: &gt; 1 1&#10;This cell is occupied! Choose another one!&#10;Enter the coordinates: &gt; 1 2&#10;This cell is occupied! Choose another one!&#10;Enter the coordinates: &gt; 4 3&#10;Coordinates should be from 1 to 3!&#10;Enter the coordinates: &gt; 2 4&#10;Coordinates should be from 1 to 3!&#10;Enter the coordinates: &gt; 2 3&#10;This cell is occupied! Choose another one!&#10;Enter the coordinates: &gt; 1 3&#10;This cell is occupied! Choose another one!&#10;Enter the coordinates: &gt; 4 3&#10;Coordinates should be from 1 to 3!&#10;Enter the coordinates: &gt; 1 4&#10;Coordinates should be from 1 to 3!&#10;Enter the coordinates: &gt; 4 1&#10;Coordinates should be from 1 to 3!&#10;Enter the coordinates: &gt; 2 4&#10;Coordinates should be from 1 to 3!&#10;Enter the coordinates: &gt; 4 2&#10;Coordinates should be from 1 to 3!&#10;Enter the coordinates: &gt; 1 4&#10;Coordinates should be from 1 to 3!&#10;Enter the coordinates: &gt; 1 3&#10;This cell is occupied! Choose another one!&#10;Enter the coordinates: &gt; 2 1&#10;This cell is occupied! Choose another one!&#10;Enter the coordinates: &gt; 2 2&#10;This cell is occupied! Choose another one!&#10;Enter the coordinates: &gt; 2 3&#10;This cell is occupied! Choose another one!&#10;Enter the coordinates: &gt; 3 1&#10;This cell is occupied! Choose another one!&#10;Enter the coordinates: &gt; 3 2&#10;This cell is occupied! Choose another one!&#10;Enter the coordinates: &gt; 3 3&#10;This cell is occupied! Choose another one!&#10;Enter the coordinates: &gt; 1 1&#10;This cell is occupied! Choose another one!&#10;Enter the coordinates: &gt; 1 2&#10;This cell is occupied! Choose another one!&#10;Enter the coordinates: &gt; 1 3&#10;This cell is occupied! Choose another one!&#10;Enter the coordinates: &gt; 2 1&#10;This cell is occupied! Choose another one!&#10;Enter the coordinates: &gt; 2 2&#10;This cell is occupied! Choose another one!&#10;Enter the coordinates: &gt; 2 3&#10;This cell is occupied! Choose another one!&#10;Enter the coordinates: &gt; 3 1&#10;This cell is occupied! Choose another one!&#10;Enter the coordinates: &gt; 3 2&#10;This cell is occupied! Choose another one!&#10;Enter the coordinates: &gt; 3 3&#10;This cell is occupied! Choose another one!&#10;Enter the coordinates: &gt; 1 1&#10;This cell is occupied! Choose another one!&#10;Enter the coordinates: &gt; 1 2&#10;This cell is occupied! Choose another one!&#10;Enter the coordinates: &gt; 4 3&#10;Coordinates should be from 1 to 3!&#10;Enter the coordinates: &gt; 2 4&#10;Coordinates should be from 1 to 3!&#10;Enter the coordinates: &gt; 2 3&#10;This cell is occupied! Choose another one!&#10;Enter the coordinates: &gt; 1 3&#10;This cell is occupied! Choose another one!&#10;Enter the coordinates: &gt; 4 3&#10;Coordinates should be from 1 to 3!&#10;Enter the coordinates: &gt; 1 4&#10;Coordinates should be from 1 to 3!&#10;Enter the coordinates: &gt; 4 1&#10;Coordinates should be from 1 to 3!&#10;Enter the coordinates: &gt; 2 4&#10;Coordinates should be from 1 to 3!&#10;Enter the coordinates: &gt; 4 2&#10;Coordinates should be from 1 to 3!&#10;Enter the coordinates: &gt; 1 4&#10;Coordinates should be from 1 to 3!&#10;Enter the coordinates: &gt; 1 3&#10;This cell is occupied! Choose another one!&#10;Enter the coordinates: &gt; 2 1&#10;This cell is occupied! Choose another one!&#10;Enter the coordinates: &gt; 2 2&#10;This cell is occupied! Choose another one!&#10;Enter the coordinates: &gt; 2 3&#10;This cell is occupied! Choose another one!&#10;Enter the coordinates: &gt; 3 1&#10;This cell is occupied! Choose another one!&#10;Enter the coordinates: &gt; 3 2&#10;This cell is occupied! Choose another one!&#10;Enter the coordinates: &gt; 3 3&#10;This cell is occupied! Choose another one!&#10;Enter the coordinates: &gt; 1 1&#10;This cell is occupied! Choose another one!&#10;Enter the coordinates: &gt; 1 2&#10;This cell is occupied! Choose another one!&#10;Enter the coordinates: &gt; 1 3&#10;This cell is occupied! Choose another one!&#10;Enter the coordinates: &gt; 2 1&#10;This cell is occupied! Choose another one!&#10;Enter the coordinates: &gt; 2 2&#10;This cell is occupied! Choose another one!&#10;Enter the coordinates: &gt; 2 3&#10;This cell is occupied! Choose another one!&#10;Enter the coordinates: &gt; 3 1&#10;This cell is occupied! Choose another one!&#10;Enter the coordinates: &gt; 3 2&#10;This cell is occupied! Choose another one!&#10;Enter the coordinates: &gt; 3 3&#10;This cell is occupied! Choose another one!&#10;Enter the coordinates: &gt; 1 1&#10;This cell is occupied! Choose another one!&#10;Enter the coordinates: &gt; 1 2&#10;This cell is occupied! Choose another one!&#10;Enter the coordinates:" type="java.lang.AssertionError">java.lang.AssertionError: Error in test #3

Program ran out of input. You tried to read more than expected.

Please find below the output of your program during this failed test.
Note that the '&gt;' character indicates the beginning of the input line.

---

[last 250 lines of output are shown, 297 skipped]
This cell is occupied! Choose another one!
Enter the coordinates: &gt; 3 3
This cell is occupied! Choose another one!
Enter the coordinates: &gt; 1 1
This cell is occupied! Choose another one!
Enter the coordinates: &gt; 1 2
This cell is occupied! Choose another one!
Enter the coordinates: &gt; 1 3
This cell is occupied! Choose another one!
Enter the coordinates: &gt; 2 1
This cell is occupied! Choose another one!
Enter the coordinates: &gt; 2 2
This cell is occupied! Choose another one!
Enter the coordinates: &gt; 2 3
This cell is occupied! Choose another one!
Enter the coordinates: &gt; 3 1
This cell is occupied! Choose another one!
Enter the coordinates: &gt; 3 2
This cell is occupied! Choose another one!
Enter the coordinates: &gt; 3 3
This cell is occupied! Choose another one!
Enter the coordinates: &gt; 1 1
This cell is occupied! Choose another one!
Enter the coordinates: &gt; 1 2
This cell is occupied! Choose another one!
Enter the coordinates: &gt; 4 3
Coordinates should be from 1 to 3!
Enter the coordinates: &gt; 2 4
Coordinates should be from 1 to 3!
Enter the coordinates: &gt; 2 3
This cell is occupied! Choose another one!
Enter the coordinates: &gt; 1 3
This cell is occupied! Choose another one!
Enter the coordinates: &gt; 4 3
Coordinates should be from 1 to 3!
Enter the coordinates: &gt; 1 4
Coordinates should be from 1 to 3!
Enter the coordinates: &gt; 4 1
Coordinates should be from 1 to 3!
Enter the coordinates: &gt; 2 4
Coordinates should be from 1 to 3!
Enter the coordinates: &gt; 4 2
Coordinates should be from 1 to 3!
Enter the coordinates: &gt; 1 4
Coordinates should be from 1 to 3!
Enter the coordinates: &gt; 1 3
This cell is occupied! Choose another one!
Enter the coordinates: &gt; 2 1
This cell is occupied! Choose another one!
Enter the coordinates: &gt; 2 2
This cell is occupied! Choose another one!
Enter the coordinates: &gt; 2 3
This cell is occupied! Choose another one!
Enter the coordinates: &gt; 3 1
This cell is occupied! Choose another one!
Enter the coordinates: &gt; 3 2
This cell is occupied! Choose another one!
Enter the coordinates: &gt; 3 3
This cell is occupied! Choose another one!
Enter the coordinates: &gt; 1 1
This cell is occupied! Choose another one!
Enter the coordinates: &gt; 1 2
This cell is occupied! Choose another one!
Enter the coordinates: &gt; 1 3
This cell is occupied! Choose another one!
Enter the coordinates: &gt; 2 1
This cell is occupied! Choose another one!
Enter the coordinates: &gt; 2 2
This cell is occupied! Choose another one!
Enter the coordinates: &gt; 2 3
This cell is occupied! Choose another one!
Enter the coordinates: &gt; 3 1
This cell is occupied! Choose another one!
Enter the coordinates: &gt; 3 2
This cell is occupied! Choose another one!
Enter the coordinates: &gt; 3 3
This cell is occupied! Choose another one!
Enter the coordinates: &gt; 1 1
This cell is occupied! Choose another one!
Enter the coordinates: &gt; 1 2
This cell is occupied! Choose another one!
Enter the coordinates: &gt; 4 3
Coordinates should be from 1 to 3!
Enter the coordinates: &gt; 2 4
Coordinates should be from 1 to 3!
Enter the coordinates: &gt; 2 3
This cell is occupied! Choose another one!
Enter the coordinates: &gt; 1 3
This cell is occupied! Choose another one!
Enter the coordinates: &gt; 4 3
Coordinates should be from 1 to 3!
Enter the coordinates: &gt; 1 4
Coordinates should be from 1 to 3!
Enter the coordinates: &gt; 4 1
Coordinates should be from 1 to 3!
Enter the coordinates: &gt; 2 4
Coordinates should be from 1 to 3!
Enter the coordinates: &gt; 4 2
Coordinates should be from 1 to 3!
Enter the coordinates: &gt; 1 4
Coordinates should be from 1 to 3!
Enter the coordinates: &gt; 1 3
This cell is occupied! Choose another one!
Enter the coordinates: &gt; 2 1
This cell is occupied! Choose another one!
Enter the coordinates: &gt; 2 2
This cell is occupied! Choose another one!
Enter the coordinates: &gt; 2 3
This cell is occupied! Choose another one!
Enter the coordinates: &gt; 3 1
This cell is occupied! Choose another one!
Enter the coordinates: &gt; 3 2
This cell is occupied! Choose another one!
Enter the coordinates: &gt; 3 3
This cell is occupied! Choose another one!
Enter the coordinates: &gt; 1 1
This cell is occupied! Choose another one!
Enter the coordinates: &gt; 1 2
This cell is occupied! Choose another one!
Enter the coordinates: &gt; 1 3
This cell is occupied! Choose another one!
Enter the coordinates: &gt; 2 1
This cell is occupied! Choose another one!
Enter the coordinates: &gt; 2 2
This cell is occupied! Choose another one!
Enter the coordinates: &gt; 2 3
This cell is occupied! Choose another one!
Enter the coordinates: &gt; 3 1
This cell is occupied! Choose another one!
Enter the coordinates: &gt; 3 2
This cell is occupied! Choose another one!
Enter the coordinates: &gt; 3 3
This cell is occupied! Choose another one!
Enter the coordinates: &gt; 1 1
This cell is occupied! Choose another one!
Enter the coordinates: &gt; 1 2
This cell is occupied! Choose another one!
Enter the coordinates: &gt; 4 3
Coordinates should be from 1 to 3!
Enter the coordinates: &gt; 2 4
Coordinates should be from 1 to 3!
Enter the coordinates: &gt; 2 3
This cell is occupied! Choose another one!
Enter the coordinates: &gt; 1 3
This cell is occupied! Choose another one!
Enter the coordinates: &gt; 4 3
Coordinates should be from 1 to 3!
Enter the coordinates: &gt; 1 4
Coordinates should be from 1 to 3!
Enter the coordinates: &gt; 4 1
Coordinates should be from 1 to 3!
Enter the coordinates: &gt; 2 4
Coordinates should be from 1 to 3!
Enter the coordinates: &gt; 4 2
Coordinates should be from 1 to 3!
Enter the coordinates: &gt; 1 4
Coordinates should be from 1 to 3!
Enter the coordinates: &gt; 1 3
This cell is occupied! Choose another one!
Enter the coordinates: &gt; 2 1
This cell is occupied! Choose another one!
Enter the coordinates: &gt; 2 2
This cell is occupied! Choose another one!
Enter the coordinates: &gt; 2 3
This cell is occupied! Choose another one!
Enter the coordinates: &gt; 3 1
This cell is occupied! Choose another one!
Enter the coordinates: &gt; 3 2
This cell is occupied! Choose another one!
Enter the coordinates: &gt; 3 3
This cell is occupied! Choose another one!
Enter the coordinates: &gt; 1 1
This cell is occupied! Choose another one!
Enter the coordinates: &gt; 1 2
This cell is occupied! Choose another one!
Enter the coordinates: &gt; 1 3
This cell is occupied! Choose another one!
Enter the coordinates: &gt; 2 1
This cell is occupied! Choose another one!
Enter the coordinates: &gt; 2 2
This cell is occupied! Choose another one!
Enter the coordinates: &gt; 2 3
This cell is occupied! Choose another one!
Enter the coordinates: &gt; 3 1
This cell is occupied! Choose another one!
Enter the coordinates: &gt; 3 2
This cell is occupied! Choose another one!
Enter the coordinates: &gt; 3 3
This cell is occupied! Choose another one!
Enter the coordinates: &gt; 1 1
This cell is occupied! Choose another one!
Enter the coordinates: &gt; 1 2
This cell is occupied! Choose another one!
Enter the coordinates: &gt; 4 3
Coordinates should be from 1 to 3!
Enter the coordinates: &gt; 2 4
Coordinates should be from 1 to 3!
Enter the coordinates: &gt; 2 3
This cell is occupied! Choose another one!
Enter the coordinates: &gt; 1 3
This cell is occupied! Choose another one!
Enter the coordinates: &gt; 4 3
Coordinates should be from 1 to 3!
Enter the coordinates: &gt; 1 4
Coordinates should be from 1 to 3!
Enter the coordinates: &gt; 4 1
Coordinates should be from 1 to 3!
Enter the coordinates: &gt; 2 4
Coordinates should be from 1 to 3!
Enter the coordinates: &gt; 4 2
Coordinates should be from 1 to 3!
Enter the coordinates: &gt; 1 4
Coordinates should be from 1 to 3!
Enter the coordinates: &gt; 1 3
This cell is occupied! Choose another one!
Enter the coordinates: &gt; 2 1
This cell is occupied! Choose another one!
Enter the coordinates: &gt; 2 2
This cell is occupied! Choose another one!
Enter the coordinates: &gt; 2 3
This cell is occupied! Choose another one!
Enter the coordinates: &gt; 3 1
This cell is occupied! Choose another one!
Enter the coordinates: &gt; 3 2
This cell is occupied! Choose another one!
Enter the coordinates: &gt; 3 3
This cell is occupied! Choose another one!
Enter the coordinates: &gt; 1 1
This cell is occupied! Choose another one!
Enter the coordinates: &gt; 1 2
This cell is occupied! Choose another one!
Enter the coordinates: &gt; 1 3
This cell is occupied! Choose another one!
Enter the coordinates: &gt; 2 1
This cell is occupied! Choose another one!
Enter the coordinates: &gt; 2 2
This cell is occupied! Choose another one!
Enter the coordinates: &gt; 2 3
This cell is occupied! Choose another one!
Enter the coordinates: &gt; 3 1
This cell is occupied! Choose another one!
Enter the coordinates: &gt; 3 2
This cell is occupied! Choose another one!
Enter the coordinates: &gt; 3 3
This cell is occupied! Choose another one!
Enter the coordinates: &gt; 1 1
This cell is occupied! Choose another one!
Enter the coordinates: &gt; 1 2
This cell is occupied! Choose another one!
Enter the coordinates:
	at org.junit.Assert.fail(Assert.java:88)
	at org.hyperskill.hstest.stage.StageTest.start(StageTest.java:155)
	at java.base/jdk.internal.reflect.NativeMethodAccessorImpl.invoke0(Native Method)
	at java.base/jdk.internal.reflect.NativeMethodAccessorImpl.invoke(NativeMethodAccessorImpl.java:77)
	at java.base/jdk.internal.reflect.DelegatingMethodAccessorImpl.invoke(DelegatingMethodAccessorImpl.java:43)
	at java.base/java.lang.reflect.Method.invoke(Method.java:568)
	at org.junit.runners.model.FrameworkMethod$1.runReflectiveCall(FrameworkMethod.java:50)
	at org.junit.internal.runners.model.ReflectiveCallable.run(ReflectiveCallable.java:12)
	at org.junit.runners.model.FrameworkMethod.invokeExplosively(FrameworkMethod.java:47)
	at org.junit.internal.runners.statements.InvokeMethod.evaluate(InvokeMethod.java:17)
	at org.junit.runners.ParentRunner.runLeaf(ParentRunner.java:325)
	at org.junit.runners.BlockJUnit4ClassRunner.runChild(BlockJUnit4ClassRunner.java:78)
	at org.junit.runners.BlockJUnit4ClassRunner.runChild(BlockJUnit4ClassRunner.java:57)
	at org.junit.runners.ParentRunner$3.run(ParentRunner.java:290)
	at org.junit.runners.ParentRunner$1.schedule(ParentRunner.java:71)
	at org.junit.runners.ParentRunner.runChildren(ParentRunner.java:288)
	at org.junit.runners.ParentRunner.access$000(ParentRunner.java:58)
	at org.junit.runners.ParentRunner$2.evaluate(ParentRunner.java:268)
	at org.junit.runners.ParentRunner.run(ParentRunner.java:363)
	at org.gradle.api.internal.tasks.testing.junit.JUnitTestClassExecutor.runTestClass(JUnitTestClassExecutor.java:110)
	at org.gradle.api.internal.tasks.testing.junit.JUnitTestClassExecutor.execute(JUnitTestClassExecutor.java:58)
	at org.gradle.api.internal.tasks.testing.junit.JUnitTestClassExecutor.execute(JUnitTestClassExecutor.java:38)
	at org.gradle.api.internal.tasks.testing.junit.AbstractJUnitTestClassProcessor.processTestClass(AbstractJUnitTestClassProcessor.java:62)
	at org.gradle.api.internal.tasks.testing.SuiteTestClassProcessor.processTestClass(SuiteTestClassProcessor.java:51)
	at java.base/jdk.internal.reflect.NativeMethodAccessorImpl.invoke0(Native Method)
	at java.base/jdk.internal.reflect.NativeMethodAccessorImpl.invoke(NativeMethodAccessorImpl.java:77)
	at java.base/jdk.internal.reflect.DelegatingMethodAccessorImpl.invoke(DelegatingMethodAccessorImpl.java:43)
	at java.base/java.lang.reflect.Method.invoke(Method.java:568)
	at org.gradle.internal.dispatch.ReflectionDispatch.dispatch(ReflectionDispatch.java:36)
	at org.gradle.internal.dispatch.ReflectionDispatch.dispatch(ReflectionDispatch.java:24)
	at org.gradle.internal.dispatch.ContextClassLoaderDispatch.dispatch(ContextClassLoaderDispatch.java:33)
	at org.gradle.internal.dispatch.ProxyDispatchAdapter$DispatchingInvocationHandler.invoke(ProxyDispatchAdapter.java:94)
	at jdk.proxy1/jdk.proxy1.$Proxy2.processTestClass(Unknown Source)
	at org.gradle.api.internal.tasks.testing.worker.TestWorker$2.run(TestWorker.java:176)
	at org.gradle.api.internal.tasks.testing.worker.TestWorker.executeAndMaintainThreadName(TestWorker.java:129)
	at org.gradle.api.internal.tasks.testing.worker.TestWorker.execute(TestWorker.java:100)
	at org.gradle.api.internal.tasks.testing.worker.TestWorker.execute(TestWorker.java:60)
	at org.gradle.process.internal.worker.child.ActionExecutionWorker.execute(ActionExecutionWorker.java:56)
	at org.gradle.process.internal.worker.child.SystemApplicationClassLoaderWorker.call(SystemApplicationClassLoaderWorker.java:133)
	at org.gradle.process.internal.worker.child.SystemApplicationClassLoaderWorker.call(SystemApplicationClassLoaderWorker.java:71)
	at worker.org.gradle.process.internal.worker.GradleWorkerMain.run(GradleWorkerMain.java:69)
	at worker.org.gradle.process.internal.worker.GradleWorkerMain.main(GradleWorkerMain.java:74)
</failure>
  </testcase>
  <system-out><![CDATA[?[1;31m
Start test 1?[0m
---------
|       |
|       |
|       |
---------
Enter the coordinates: > 1 2
---------
|   X   |
|       |
|       |
---------
Enter the coordinates: > 3 2
---------
|   X   |
|       |
|   O   |
---------
Enter the coordinates: > 2 4
Coordinates should be from 1 to 3!
Enter the coordinates: > 4 3
Coordinates should be from 1 to 3!
Enter the coordinates: > 4 3
Coordinates should be from 1 to 3!
Enter the coordinates: > 4 3
Coordinates should be from 1 to 3!
Enter the coordinates: > 2 3
---------
|   X   |
|     X |
|   O   |
---------
Enter the coordinates: > 4 4
Coordinates should be from 1 to 3!
Enter the coordinates: > 4 1
Coordinates should be from 1 to 3!
Enter the coordinates: > 4 2
Coordinates should be from 1 to 3!
Enter the coordinates: > 1 1
---------
| O X   |
|     X |
|   O   |
---------
Enter the coordinates: > 1 2
This cell is occupied! Choose another one!
Enter the coordinates: > 1 3
---------
| O X X |
|     X |
|   O   |
---------
Enter the coordinates: > 2 1
---------
| O X X |
| O   X |
|   O   |
---------
Enter the coordinates: > 2 2
---------
| O X X |
| O X X |
|   O   |
---------
Enter the coordinates: > 2 3
This cell is occupied! Choose another one!
Enter the coordinates: > 3 1
---------
| O X X |
| O X X |
| O O   |
---------
O wins
?[1;31m
Start test 2?[0m
---------
|       |
|       |
|       |
---------
Enter the coordinates: > 4 1
Coordinates should be from 1 to 3!
Enter the coordinates: > 3 3
---------
|       |
|       |
|     X |
---------
Enter the coordinates: > 4 1
Coordinates should be from 1 to 3!
Enter the coordinates: > 2 3
---------
|       |
|     O |
|     X |
---------
Enter the coordinates: > 2 1
---------
|       |
| X   O |
|     X |
---------
Enter the coordinates: > 2 3
This cell is occupied! Choose another one!
Enter the coordinates: > 1 1
---------
| O     |
| X   O |
|     X |
---------
Enter the coordinates: > 3 4
Coordinates should be from 1 to 3!
Enter the coordinates: > 4 3
Coordinates should be from 1 to 3!
Enter the coordinates: > 3 4
Coordinates should be from 1 to 3!
Enter the coordinates: > 3 4
Coordinates should be from 1 to 3!
Enter the coordinates: > 1 2
---------
| O X   |
| X   O |
|     X |
---------
Enter the coordinates: > 1 3
---------
| O X O |
| X   O |
|     X |
---------
Enter the coordinates: > 2 1
This cell is occupied! Choose another one!
Enter the coordinates: > 2 2
---------
| O X O |
| X X O |
|     X |
---------
Enter the coordinates: > 2 3
This cell is occupied! Choose another one!
Enter the coordinates: > 3 1
---------
| O X O |
| X X O |
| O   X |
---------
Enter the coordinates: > 3 2
---------
| O X O |
| X X O |
| O X X |
---------
X wins
?[1;31m
Start test 3?[0m
---------
|       |
|       |
|       |
---------
Enter the coordinates: > 4 3
Coordinates should be from 1 to 3!
Enter the coordinates: > 2 4
Coordinates should be from 1 to 3!
Enter the coordinates: > 2 3
---------
|       |
|     X |
|       |
---------
Enter the coordinates: > 1 3
---------
|     O |
|     X |
|       |
---------
Enter the coordinates: > 4 3
Coordinates should be from 1 to 3!
Enter the coordinates: > 1 4
Coordinates should be from 1 to 3!
Enter the coordinates: > 4 1
Coordinates should be from 1 to 3!
Enter the coordinates: > 2 4
Coordinates should be from 1 to 3!
Enter the coordinates: > 4 2
Coordinates should be from 1 to 3!
Enter the coordinates: > 1 4
Coordinates should be from 1 to 3!
Enter the coordinates: > 1 3
This cell is occupied! Choose another one!
Enter the coordinates: > 2 1
---------
|     O |
| X   X |
|       |
---------
Enter the coordinates: > 2 2
---------
|     O |
| X O X |
|       |
---------
Enter the coordinates: > 2 3
This cell is occupied! Choose another one!
Enter the coordinates: > 3 1
---------
|     O |
| X O X |
| X     |
---------
Enter the coordinates: > 3 2
---------
|     O |
| X O X |
| X O   |
---------
Enter the coordinates: > 3 3
---------
|     O |
| X O X |
| X O X |
---------
Enter the coordinates: > 1 1
---------
| O   O |
| X O X |
| X O X |
---------
Enter the coordinates: > 1 2
Draw
---------
| O X O |
| X O X |
| X O X |
---------
Enter the coordinates: > 1 3
This cell is occupied! Choose another one!
Enter the coordinates: > 2 1
This cell is occupied! Choose another one!
Enter the coordinates: > 2 2
This cell is occupied! Choose another one!
Enter the coordinates: > 2 3
This cell is occupied! Choose another one!
Enter the coordinates: > 3 1
This cell is occupied! Choose another one!
Enter the coordinates: > 3 2
This cell is occupied! Choose another one!
Enter the coordinates: > 3 3
This cell is occupied! Choose another one!
Enter the coordinates: > 1 1
This cell is occupied! Choose another one!
Enter the coordinates: > 1 2
This cell is occupied! Choose another one!
Enter the coordinates: > 4 3
Coordinates should be from 1 to 3!
Enter the coordinates: > 2 4
Coordinates should be from 1 to 3!
Enter the coordinates: > 2 3
This cell is occupied! Choose another one!
Enter the coordinates: > 1 3
This cell is occupied! Choose another one!
Enter the coordinates: > 4 3
Coordinates should be from 1 to 3!
Enter the coordinates: > 1 4
Coordinates should be from 1 to 3!
Enter the coordinates: > 4 1
Coordinates should be from 1 to 3!
Enter the coordinates: > 2 4
Coordinates should be from 1 to 3!
Enter the coordinates: > 4 2
Coordinates should be from 1 to 3!
Enter the coordinates: > 1 4
Coordinates should be from 1 to 3!
Enter the coordinates: > 1 3
This cell is occupied! Choose another one!
Enter the coordinates: > 2 1
This cell is occupied! Choose another one!
Enter the coordinates: > 2 2
This cell is occupied! Choose another one!
Enter the coordinates: > 2 3
This cell is occupied! Choose another one!
Enter the coordinates: > 3 1
This cell is occupied! Choose another one!
Enter the coordinates: > 3 2
This cell is occupied! Choose another one!
Enter the coordinates: > 3 3
This cell is occupied! Choose another one!
Enter the coordinates: > 1 1
This cell is occupied! Choose another one!
Enter the coordinates: > 1 2
This cell is occupied! Choose another one!
Enter the coordinates: > 1 3
This cell is occupied! Choose another one!
Enter the coordinates: > 2 1
This cell is occupied! Choose another one!
Enter the coordinates: > 2 2
This cell is occupied! Choose another one!
Enter the coordinates: > 2 3
This cell is occupied! Choose another one!
Enter the coordinates: > 3 1
This cell is occupied! Choose another one!
Enter the coordinates: > 3 2
This cell is occupied! Choose another one!
Enter the coordinates: > 3 3
This cell is occupied! Choose another one!
Enter the coordinates: > 1 1
This cell is occupied! Choose another one!
Enter the coordinates: > 1 2
This cell is occupied! Choose another one!
Enter the coordinates: > 4 3
Coordinates should be from 1 to 3!
Enter the coordinates: > 2 4
Coordinates should be from 1 to 3!
Enter the coordinates: > 2 3
This cell is occupied! Choose another one!
Enter the coordinates: > 1 3
This cell is occupied! Choose another one!
Enter the coordinates: > 4 3
Coordinates should be from 1 to 3!
Enter the coordinates: > 1 4
Coordinates should be from 1 to 3!
Enter the coordinates: > 4 1
Coordinates should be from 1 to 3!
Enter the coordinates: > 2 4
Coordinates should be from 1 to 3!
Enter the coordinates: > 4 2
Coordinates should be from 1 to 3!
Enter the coordinates: > 1 4
Coordinates should be from 1 to 3!
Enter the coordinates: > 1 3
This cell is occupied! Choose another one!
Enter the coordinates: > 2 1
This cell is occupied! Choose another one!
Enter the coordinates: > 2 2
This cell is occupied! Choose another one!
Enter the coordinates: > 2 3
This cell is occupied! Choose another one!
Enter the coordinates: > 3 1
This cell is occupied! Choose another one!
Enter the coordinates: > 3 2
This cell is occupied! Choose another one!
Enter the coordinates: > 3 3
This cell is occupied! Choose another one!
Enter the coordinates: > 1 1
This cell is occupied! Choose another one!
Enter the coordinates: > 1 2
This cell is occupied! Choose another one!
Enter the coordinates: > 1 3
This cell is occupied! Choose another one!
Enter the coordinates: > 2 1
This cell is occupied! Choose another one!
Enter the coordinates: > 2 2
This cell is occupied! Choose another one!
Enter the coordinates: > 2 3
This cell is occupied! Choose another one!
Enter the coordinates: > 3 1
This cell is occupied! Choose another one!
Enter the coordinates: > 3 2
This cell is occupied! Choose another one!
Enter the coordinates: > 3 3
This cell is occupied! Choose another one!
Enter the coordinates: > 1 1
This cell is occupied! Choose another one!
Enter the coordinates: > 1 2
This cell is occupied! Choose another one!
Enter the coordinates: > 4 3
Coordinates should be from 1 to 3!
Enter the coordinates: > 2 4
Coordinates should be from 1 to 3!
Enter the coordinates: > 2 3
This cell is occupied! Choose another one!
Enter the coordinates: > 1 3
This cell is occupied! Choose another one!
Enter the coordinates: > 4 3
Coordinates should be from 1 to 3!
Enter the coordinates: > 1 4
Coordinates should be from 1 to 3!
Enter the coordinates: > 4 1
Coordinates should be from 1 to 3!
Enter the coordinates: > 2 4
Coordinates should be from 1 to 3!
Enter the coordinates: > 4 2
Coordinates should be from 1 to 3!
Enter the coordinates: > 1 4
Coordinates should be from 1 to 3!
Enter the coordinates: > 1 3
This cell is occupied! Choose another one!
Enter the coordinates: > 2 1
This cell is occupied! Choose another one!
Enter the coordinates: > 2 2
This cell is occupied! Choose another one!
Enter the coordinates: > 2 3
This cell is occupied! Choose another one!
Enter the coordinates: > 3 1
This cell is occupied! Choose another one!
Enter the coordinates: > 3 2
This cell is occupied! Choose another one!
Enter the coordinates: > 3 3
This cell is occupied! Choose another one!
Enter the coordinates: > 1 1
This cell is occupied! Choose another one!
Enter the coordinates: > 1 2
This cell is occupied! Choose another one!
Enter the coordinates: > 1 3
This cell is occupied! Choose another one!
Enter the coordinates: > 2 1
This cell is occupied! Choose another one!
Enter the coordinates: > 2 2
This cell is occupied! Choose another one!
Enter the coordinates: > 2 3
This cell is occupied! Choose another one!
Enter the coordinates: > 3 1
This cell is occupied! Choose another one!
Enter the coordinates: > 3 2
This cell is occupied! Choose another one!
Enter the coordinates: > 3 3
This cell is occupied! Choose another one!
Enter the coordinates: > 1 1
This cell is occupied! Choose another one!
Enter the coordinates: > 1 2
This cell is occupied! Choose another one!
Enter the coordinates: > 4 3
Coordinates should be from 1 to 3!
Enter the coordinates: > 2 4
Coordinates should be from 1 to 3!
Enter the coordinates: > 2 3
This cell is occupied! Choose another one!
Enter the coordinates: > 1 3
This cell is occupied! Choose another one!
Enter the coordinates: > 4 3
Coordinates should be from 1 to 3!
Enter the coordinates: > 1 4
Coordinates should be from 1 to 3!
Enter the coordinates: > 4 1
Coordinates should be from 1 to 3!
Enter the coordinates: > 2 4
Coordinates should be from 1 to 3!
Enter the coordinates: > 4 2
Coordinates should be from 1 to 3!
Enter the coordinates: > 1 4
Coordinates should be from 1 to 3!
Enter the coordinates: > 1 3
This cell is occupied! Choose another one!
Enter the coordinates: > 2 1
This cell is occupied! Choose another one!
Enter the coordinates: > 2 2
This cell is occupied! Choose another one!
Enter the coordinates: > 2 3
This cell is occupied! Choose another one!
Enter the coordinates: > 3 1
This cell is occupied! Choose another one!
Enter the coordinates: > 3 2
This cell is occupied! Choose another one!
Enter the coordinates: > 3 3
This cell is occupied! Choose another one!
Enter the coordinates: > 1 1
This cell is occupied! Choose another one!
Enter the coordinates: > 1 2
This cell is occupied! Choose another one!
Enter the coordinates: > 1 3
This cell is occupied! Choose another one!
Enter the coordinates: > 2 1
This cell is occupied! Choose another one!
Enter the coordinates: > 2 2
This cell is occupied! Choose another one!
Enter the coordinates: > 2 3
This cell is occupied! Choose another one!
Enter the coordinates: > 3 1
This cell is occupied! Choose another one!
Enter the coordinates: > 3 2
This cell is occupied! Choose another one!
Enter the coordinates: > 3 3
This cell is occupied! Choose another one!
Enter the coordinates: > 1 1
This cell is occupied! Choose another one!
Enter the coordinates: > 1 2
This cell is occupied! Choose another one!
Enter the coordinates: > 4 3
Coordinates should be from 1 to 3!
Enter the coordinates: > 2 4
Coordinates should be from 1 to 3!
Enter the coordinates: > 2 3
This cell is occupied! Choose another one!
Enter the coordinates: > 1 3
This cell is occupied! Choose another one!
Enter the coordinates: > 4 3
Coordinates should be from 1 to 3!
Enter the coordinates: > 1 4
Coordinates should be from 1 to 3!
Enter the coordinates: > 4 1
Coordinates should be from 1 to 3!
Enter the coordinates: > 2 4
Coordinates should be from 1 to 3!
Enter the coordinates: > 4 2
Coordinates should be from 1 to 3!
Enter the coordinates: > 1 4
Coordinates should be from 1 to 3!
Enter the coordinates: > 1 3
This cell is occupied! Choose another one!
Enter the coordinates: > 2 1
This cell is occupied! Choose another one!
Enter the coordinates: > 2 2
This cell is occupied! Choose another one!
Enter the coordinates: > 2 3
This cell is occupied! Choose another one!
Enter the coordinates: > 3 1
This cell is occupied! Choose another one!
Enter the coordinates: > 3 2
This cell is occupied! Choose another one!
Enter the coordinates: > 3 3
This cell is occupied! Choose another one!
Enter the coordinates: > 1 1
This cell is occupied! Choose another one!
Enter the coordinates: > 1 2
This cell is occupied! Choose another one!
Enter the coordinates: > 1 3
This cell is occupied! Choose another one!
Enter the coordinates: > 2 1
This cell is occupied! Choose another one!
Enter the coordinates: > 2 2
This cell is occupied! Choose another one!
Enter the coordinates: > 2 3
This cell is occupied! Choose another one!
Enter the coordinates: > 3 1
This cell is occupied! Choose another one!
Enter the coordinates: > 3 2
This cell is occupied! Choose another one!
Enter the coordinates: > 3 3
This cell is occupied! Choose another one!
Enter the coordinates: > 1 1
This cell is occupied! Choose another one!
Enter the coordinates: > 1 2
This cell is occupied! Choose another one!
Enter the coordinates: > 4 3
Coordinates should be from 1 to 3!
Enter the coordinates: > 2 4
Coordinates should be from 1 to 3!
Enter the coordinates: > 2 3
This cell is occupied! Choose another one!
Enter the coordinates: > 1 3
This cell is occupied! Choose another one!
Enter the coordinates: > 4 3
Coordinates should be from 1 to 3!
Enter the coordinates: > 1 4
Coordinates should be from 1 to 3!
Enter the coordinates: > 4 1
Coordinates should be from 1 to 3!
Enter the coordinates: > 2 4
Coordinates should be from 1 to 3!
Enter the coordinates: > 4 2
Coordinates should be from 1 to 3!
Enter the coordinates: > 1 4
Coordinates should be from 1 to 3!
Enter the coordinates: > 1 3
This cell is occupied! Choose another one!
Enter the coordinates: > 2 1
This cell is occupied! Choose another one!
Enter the coordinates: > 2 2
This cell is occupied! Choose another one!
Enter the coordinates: > 2 3
This cell is occupied! Choose another one!
Enter the coordinates: > 3 1
This cell is occupied! Choose another one!
Enter the coordinates: > 3 2
This cell is occupied! Choose another one!
Enter the coordinates: > 3 3
This cell is occupied! Choose another one!
Enter the coordinates: > 1 1
This cell is occupied! Choose another one!
Enter the coordinates: > 1 2
This cell is occupied! Choose another one!
Enter the coordinates: > 1 3
This cell is occupied! Choose another one!
Enter the coordinates: > 2 1
This cell is occupied! Choose another one!
Enter the coordinates: > 2 2
This cell is occupied! Choose another one!
Enter the coordinates: > 2 3
This cell is occupied! Choose another one!
Enter the coordinates: > 3 1
This cell is occupied! Choose another one!
Enter the coordinates: > 3 2
This cell is occupied! Choose another one!
Enter the coordinates: > 3 3
This cell is occupied! Choose another one!
Enter the coordinates: > 1 1
This cell is occupied! Choose another one!
Enter the coordinates: > 1 2
This cell is occupied! Choose another one!
Enter the coordinates: > 4 3
Coordinates should be from 1 to 3!
Enter the coordinates: > 2 4
Coordinates should be from 1 to 3!
Enter the coordinates: > 2 3
This cell is occupied! Choose another one!
Enter the coordinates: > 1 3
This cell is occupied! Choose another one!
Enter the coordinates: > 4 3
Coordinates should be from 1 to 3!
Enter the coordinates: > 1 4
Coordinates should be from 1 to 3!
Enter the coordinates: > 4 1
Coordinates should be from 1 to 3!
Enter the coordinates: > 2 4
Coordinates should be from 1 to 3!
Enter the coordinates: > 4 2
Coordinates should be from 1 to 3!
Enter the coordinates: > 1 4
Coordinates should be from 1 to 3!
Enter the coordinates: > 1 3
This cell is occupied! Choose another one!
Enter the coordinates: > 2 1
This cell is occupied! Choose another one!
Enter the coordinates: > 2 2
This cell is occupied! Choose another one!
Enter the coordinates: > 2 3
This cell is occupied! Choose another one!
Enter the coordinates: > 3 1
This cell is occupied! Choose another one!
Enter the coordinates: > 3 2
This cell is occupied! Choose another one!
Enter the coordinates: > 3 3
This cell is occupied! Choose another one!
Enter the coordinates: > 1 1
This cell is occupied! Choose another one!
Enter the coordinates: > 1 2
This cell is occupied! Choose another one!
Enter the coordinates: > 1 3
This cell is occupied! Choose another one!
Enter the coordinates: > 2 1
This cell is occupied! Choose another one!
Enter the coordinates: > 2 2
This cell is occupied! Choose another one!
Enter the coordinates: > 2 3
This cell is occupied! Choose another one!
Enter the coordinates: > 3 1
This cell is occupied! Choose another one!
Enter the coordinates: > 3 2
This cell is occupied! Choose another one!
Enter the coordinates: > 3 3
This cell is occupied! Choose another one!
Enter the coordinates: > 1 1
This cell is occupied! Choose another one!
Enter the coordinates: > 1 2
This cell is occupied! Choose another one!
Enter the coordinates: > 4 3
Coordinates should be from 1 to 3!
Enter the coordinates: > 2 4
Coordinates should be from 1 to 3!
Enter the coordinates: > 2 3
This cell is occupied! Choose another one!
Enter the coordinates: > 1 3
This cell is occupied! Choose another one!
Enter the coordinates: > 4 3
Coordinates should be from 1 to 3!
Enter the coordinates: > 1 4
Coordinates should be from 1 to 3!
Enter the coordinates: > 4 1
Coordinates should be from 1 to 3!
Enter the coordinates: > 2 4
Coordinates should be from 1 to 3!
Enter the coordinates: > 4 2
Coordinates should be from 1 to 3!
Enter the coordinates: > 1 4
Coordinates should be from 1 to 3!
Enter the coordinates: > 1 3
This cell is occupied! Choose another one!
Enter the coordinates: > 2 1
This cell is occupied! Choose another one!
Enter the coordinates: > 2 2
This cell is occupied! Choose another one!
Enter the coordinates: > 2 3
This cell is occupied! Choose another one!
Enter the coordinates: > 3 1
This cell is occupied! Choose another one!
Enter the coordinates: > 3 2
This cell is occupied! Choose another one!
Enter the coordinates: > 3 3
This cell is occupied! Choose another one!
Enter the coordinates: > 1 1
This cell is occupied! Choose another one!
Enter the coordinates: > 1 2
This cell is occupied! Choose another one!
Enter the coordinates: > 1 3
This cell is occupied! Choose another one!
Enter the coordinates: > 2 1
This cell is occupied! Choose another one!
Enter the coordinates: > 2 2
This cell is occupied! Choose another one!
Enter the coordinates: > 2 3
This cell is occupied! Choose another one!
Enter the coordinates: > 3 1
This cell is occupied! Choose another one!
Enter the coordinates: > 3 2
This cell is occupied! Choose another one!
Enter the coordinates: > 3 3
This cell is occupied! Choose another one!
Enter the coordinates: > 1 1
This cell is occupied! Choose another one!
Enter the coordinates: > 1 2
This cell is occupied! Choose another one!
]]></system-out>
  <system-err><![CDATA[]]></system-err>
</testsuite>
